2023-08-27 01:46:54,553 - INFO - All required modules are already installed.
2023-08-27 01:46:54,555 - INFO - Script started
2023-08-27 01:46:54,555 - INFO - All required modules are already installed.
2023-08-27 01:46:54,555 - INFO - Script completed
2023-08-27 01:47:22,023 - INFO - All required modules are already installed.
2023-08-27 01:47:22,023 - INFO - Script started
2023-08-27 01:47:22,023 - INFO - All required modules are already installed.
2023-08-27 01:47:22,023 - INFO - Script completed
2023-08-27 01:47:24,361 - INFO - All required modules are already installed.
2023-08-27 01:47:24,362 - INFO - Script started
2023-08-27 01:47:24,362 - INFO - All required modules are already installed.
2023-08-27 01:47:24,957 - INFO - Random Chuck Norris Joke:
2023-08-27 01:47:24,957 - INFO - Chuck Norris once played golf with tiger woods and beat him! Not i golf though, he just beat tiger over the head mercilessly with his own sand wedge till he surrendered.
2023-08-27 01:47:24,959 - INFO - Script completed
2023-08-27 01:48:04,600 - INFO - All required modules are already installed.
2023-08-27 01:48:04,601 - INFO - Script started
2023-08-27 01:48:04,601 - INFO - All required modules are already installed.
2023-08-27 01:48:04,601 - INFO - Getting device information from Netbox...
2023-08-27 01:48:05,372 - INFO - Processed device: 2238-FEX-03
2023-08-27 01:48:05,373 - INFO - Processed device: 2238-FEX-04
2023-08-27 01:48:05,373 - INFO - Processed device: 2238-FEX-05
2023-08-27 01:48:05,374 - INFO - Processed device: 2248-FEX-101
2023-08-27 01:48:05,374 - INFO - Processed device: 2248-FEX-102
2023-08-27 01:48:05,375 - INFO - Processed device: 5548-MGMT-01-A
2023-08-27 01:48:05,375 - INFO - Processed device: 93180-VIDGO-01-A
2023-08-27 01:48:05,376 - INFO - Processed device: 93180-VIDGO-01-B
2023-08-27 01:48:05,376 - INFO - Processed device: 93360-VOS-01-A
2023-08-27 01:48:05,377 - INFO - Processed device: 93360-VOS-01-B
2023-08-27 01:48:05,377 - INFO - Processed device: abr-cl1-01-ctl
2023-08-27 01:48:05,377 - INFO - Processed device: abr-cl1-02-ing
2023-08-27 01:48:05,378 - INFO - Processed device: abr-cl1-03-ing
2023-08-27 01:48:05,378 - INFO - Processed device: abr-cl1-04-ing
2023-08-27 01:48:05,379 - INFO - Processed device: abr-cl1-05-ing
2023-08-27 01:48:05,379 - INFO - Processed device: abr-cl1-06-ctl
2023-08-27 01:48:05,380 - INFO - Processed device: abr-cl1-07-ing
2023-08-27 01:48:05,380 - INFO - Processed device: abr-cl1-08-ing
2023-08-27 01:48:05,381 - INFO - Processed device: abr-cl1-09-ing
2023-08-27 01:48:05,381 - INFO - Processed device: abr-cl1-10-ing
2023-08-27 01:48:05,382 - INFO - Processed device: abr-cl1-11-ctl
2023-08-27 01:48:05,382 - INFO - Processed device: abr-cl1-12-ing
2023-08-27 01:48:05,383 - INFO - Processed device: abr-cl1-13-ing
2023-08-27 01:48:05,383 - INFO - Processed device: abr-cl2-01-ctl
2023-08-27 01:48:05,384 - INFO - Processed device: abr-cl2-02-ing
2023-08-27 01:48:05,384 - INFO - Processed device: abr-cl2-03-ing
2023-08-27 01:48:05,385 - INFO - Processed device: abr-cl2-04-ing
2023-08-27 01:48:05,385 - INFO - Processed device: abr-cl2-05-ing
2023-08-27 01:48:05,386 - INFO - Processed device: abr-cl2-06-ctl
2023-08-27 01:48:05,387 - INFO - Processed device: abr-cl2-07-ing
2023-08-27 01:48:05,387 - INFO - Processed device: abr-cl2-08-ing
2023-08-27 01:48:05,388 - INFO - Processed device: abr-cl2-09-ing
2023-08-27 01:48:05,388 - INFO - Processed device: abr-cl2-10-ing
2023-08-27 01:48:05,389 - INFO - Processed device: abr-cl2-11-ctl
2023-08-27 01:48:05,389 - INFO - Processed device: abr-cl2-12-ing
2023-08-27 01:48:05,390 - INFO - Processed device: abr-cl2-13-ing
2023-08-27 01:48:05,391 - INFO - Processed device: abr-cl3-01-ctl
2023-08-27 01:48:05,391 - INFO - Processed device: abr-cl3-02-ing
2023-08-27 01:48:05,392 - INFO - Processed device: abr-cl3-03-ing
2023-08-27 01:48:05,392 - INFO - Processed device: abr-cl3-04-ing
2023-08-27 01:48:05,393 - INFO - Processed device: abr-cl3-05-ing
2023-08-27 01:48:05,394 - INFO - Processed device: abr-cl3-06-ctl
2023-08-27 01:48:05,394 - INFO - Processed device: abr-cl3-07-ing
2023-08-27 01:48:05,395 - INFO - Processed device: abr-cl3-08-ing
2023-08-27 01:48:05,395 - INFO - Processed device: abr-cl3-09-ing
2023-08-27 01:48:05,396 - INFO - Processed device: abr-cl3-10-ing
2023-08-27 01:48:05,397 - INFO - Processed device: abr-cl3-11-ctl
2023-08-27 01:48:05,397 - INFO - Processed device: abr-cl3-12-ing
2023-08-27 01:48:05,398 - INFO - Processed device: abr-cl3-13-ing
2023-08-27 01:48:05,399 - INFO - Processed device: abr-cl4-01-ctl
2023-08-27 01:48:05,399 - INFO - Processed device: abr-cl4-02-ing
2023-08-27 01:48:05,400 - INFO - Processed device: abr-cl4-03-ing
2023-08-27 01:48:05,401 - INFO - Processed device: abr-cl4-04-ing
2023-08-27 01:48:05,401 - INFO - Processed device: abr-cl4-05-ing
2023-08-27 01:48:05,402 - INFO - Processed device: abr-cl4-06-ctl
2023-08-27 01:48:05,402 - INFO - Processed device: abr-cl4-07-ing
2023-08-27 01:48:05,403 - INFO - Processed device: abr-cl4-08-ing
2023-08-27 01:48:05,404 - INFO - Processed device: abr-cl4-09-ing
2023-08-27 01:48:05,405 - INFO - Processed device: abr-cl4-10-ing
2023-08-27 01:48:05,405 - INFO - Processed device: abr-cl4-11-ctl
2023-08-27 01:48:05,406 - INFO - Processed device: abr-cl4-12-ing
2023-08-27 01:48:05,407 - INFO - Processed device: abr-cl4-13-ing
2023-08-27 01:48:05,407 - INFO - Processed device: abr-cl5-01-ctl
2023-08-27 01:48:05,408 - INFO - Processed device: abr-cl5-02-ing
2023-08-27 01:48:05,409 - INFO - Processed device: abr-cl5-03-ing
2023-08-27 01:48:05,409 - INFO - Processed device: abr-cl5-04-ing
2023-08-27 01:48:05,410 - INFO - Processed device: abr-cl5-05-ing
2023-08-27 01:48:05,410 - INFO - Processed device: abr-cl5-06-ctl
2023-08-27 01:48:05,411 - INFO - Processed device: abr-cl5-07-ing
2023-08-27 01:48:05,412 - INFO - Processed device: abr-cl5-08-ing
2023-08-27 01:48:05,413 - INFO - Processed device: abr-cl5-09-ing
2023-08-27 01:48:05,414 - INFO - Processed device: abr-cl5-10-ing
2023-08-27 01:48:05,415 - INFO - Processed device: abr-cl5-11-ctl
2023-08-27 01:48:05,416 - INFO - Processed device: abr-cl5-12-ing
2023-08-27 01:48:05,416 - INFO - Processed device: abr-cl5-13-ing
2023-08-27 01:48:05,417 - INFO - Processed device: CONSOLE SERVER
2023-08-27 01:48:05,418 - INFO - Processed device: DL-CL-01-B
2023-08-27 01:48:05,419 - INFO - Processed device: DL-CL-01-P
2023-08-27 01:48:05,419 - INFO - Processed device: DL-CL-02-B
2023-08-27 01:48:05,420 - INFO - Processed device: DL-CL-02-P
2023-08-27 01:48:05,422 - INFO - Processed device: DL-CL-03-B
2023-08-27 01:48:05,423 - INFO - Processed device: DL-CL-03-P
2023-08-27 01:48:05,423 - INFO - Processed device: DL-CL-04-B
2023-08-27 01:48:05,425 - INFO - Processed device: DL-CL-04-P
2023-08-27 01:48:05,429 - INFO - Processed device: MG-CD2000A
2023-08-27 01:48:05,430 - INFO - Processed device: MG-CD2000B
2023-08-27 01:48:05,431 - INFO - Processed device: MG-CS4000
2023-08-27 01:48:05,432 - INFO - Processed device: MVPD5A
2023-08-27 01:48:05,433 - INFO - Processed device: MVPD5B
2023-08-27 01:48:05,434 - INFO - Processed device: netbox.vidgo.com
2023-08-27 01:48:05,434 - INFO - Processed device: OCC-FIBER-PATCH-1
2023-08-27 01:48:05,435 - INFO - Processed device: OLD - UL-CL03
2023-08-27 01:48:05,437 - INFO - Processed device: prtg.vidgo.com
2023-08-27 01:48:05,438 - INFO - Processed device: QVC
2023-08-27 01:48:05,439 - INFO - Processed device: UL-CL-01-B
2023-08-27 01:48:05,440 - INFO - Processed device: UL-CL-01-P
2023-08-27 01:48:05,441 - INFO - Processed device: UL-CL-02-B
2023-08-27 01:48:05,441 - INFO - Processed device: UL-CL-02-P
2023-08-27 01:48:05,442 - INFO - Processed device: UL-CL-03-B
2023-08-27 01:48:05,443 - INFO - Processed device: UL-CL-03-P
2023-08-27 01:48:05,444 - INFO - Processed device: UL-CL-04-B
2023-08-27 01:48:05,445 - INFO - Processed device: UL-CL-04-P
2023-08-27 01:48:05,446 - INFO - Processed device: UL-CL-05-B
2023-08-27 01:48:05,447 - INFO - Processed device: UL-CL-05-P
2023-08-27 01:48:05,448 - INFO - Processed device: UL-CL-06-B
2023-08-27 01:48:05,449 - INFO - Processed device: UL-CL-06-P
2023-08-27 01:48:05,450 - INFO - Processed device: UL-CL-07-B
2023-08-27 01:48:05,451 - INFO - Processed device: UL-CL-07-P
2023-08-27 01:48:05,452 - INFO - Processed device: VIDGOFW01
2023-08-27 01:48:05,452 - INFO - Processed device: VIDGOFW02
2023-08-27 01:48:05,453 - INFO - Processed device: VIDGO-OMNIHUB6-01
2023-08-27 01:48:05,458 - INFO - Processed device: ZIXI1
2023-08-27 01:48:05,459 - INFO - Processed device: ZIXI2
2023-08-27 01:48:05,615 - INFO - Device information written to output.csv and output.xlsx
2023-08-27 01:48:05,615 - INFO - Finished getting device information from Netbox
2023-08-27 01:48:05,615 - INFO - Script completed
2023-08-27 01:50:13,062 - INFO - All required modules are already installed.
2023-08-27 01:50:13,063 - INFO - Script started
2023-08-27 01:50:13,063 - INFO - All required modules are already installed.
2023-08-27 01:50:13,063 - INFO - Script completed
2023-08-27 01:50:15,614 - INFO - All required modules are already installed.
2023-08-27 01:50:15,615 - INFO - Script started
2023-08-27 01:50:15,615 - INFO - All required modules are already installed.
2023-08-27 01:50:16,246 - INFO - Random Chuck Norris Joke:
2023-08-27 01:50:16,246 - INFO - Did you know that Chuck Norris invented the color black, in fact he invented the whole spectrum of colors.....except pink. Tom Cruise invented pink.
2023-08-27 01:50:16,247 - INFO - Script completed
2023-08-27 01:50:54,674 - WARNING - Module pandas is not installed.
2023-08-27 01:50:54,844 - WARNING - The following required modules are missing:
2023-08-27 01:50:54,844 - WARNING -  - pandas
2023-08-27 01:51:24,047 - WARNING - Module pandas is not installed.
2023-08-27 01:51:24,209 - WARNING - The following required modules are missing:
2023-08-27 01:51:24,209 - WARNING -  - pandas
2023-08-27 01:51:30,931 - INFO - Successfully installed pandas
2023-08-27 01:51:31,127 - INFO - Script started
2023-08-27 01:51:31,127 - INFO - All required modules are already installed.
2023-08-27 01:51:31,127 - INFO - Script completed
2023-08-27 01:54:57,387 - INFO - Script started
2023-08-27 01:54:57,387 - INFO - All required modules are already installed.
2023-08-27 01:54:57,387 - INFO - Script completed
2023-08-27 01:56:40,381 - INFO - Script started
2023-08-27 01:56:40,381 - INFO - All required modules are already installed.
2023-08-27 01:56:40,381 - INFO - Script completed
2023-08-27 01:57:01,160 - INFO - Script started
2023-08-27 01:57:01,160 - INFO - All required modules are already installed.
2023-08-27 01:57:01,160 - INFO - Script completed
2023-08-27 01:57:17,850 - INFO - Script started
2023-08-27 01:57:17,850 - INFO - All required modules are already installed.
2023-08-27 01:57:17,850 - INFO - Getting device information from Netbox...
2023-08-27 01:57:18,566 - INFO - Processed device: 2238-FEX-03
2023-08-27 01:57:18,567 - INFO - Processed device: 2238-FEX-04
2023-08-27 01:57:18,568 - INFO - Processed device: 2238-FEX-05
2023-08-27 01:57:18,568 - INFO - Processed device: 2248-FEX-101
2023-08-27 01:57:18,569 - INFO - Processed device: 2248-FEX-102
2023-08-27 01:57:18,570 - INFO - Processed device: 5548-MGMT-01-A
2023-08-27 01:57:18,570 - INFO - Processed device: 93180-VIDGO-01-A
2023-08-27 01:57:18,570 - INFO - Processed device: 93180-VIDGO-01-B
2023-08-27 01:57:18,571 - INFO - Processed device: 93360-VOS-01-A
2023-08-27 01:57:18,571 - INFO - Processed device: 93360-VOS-01-B
2023-08-27 01:57:18,572 - INFO - Processed device: abr-cl1-01-ctl
2023-08-27 01:57:18,572 - INFO - Processed device: abr-cl1-02-ing
2023-08-27 01:57:18,573 - INFO - Processed device: abr-cl1-03-ing
2023-08-27 01:57:18,573 - INFO - Processed device: abr-cl1-04-ing
2023-08-27 01:57:18,573 - INFO - Processed device: abr-cl1-05-ing
2023-08-27 01:57:18,574 - INFO - Processed device: abr-cl1-06-ctl
2023-08-27 01:57:18,574 - INFO - Processed device: abr-cl1-07-ing
2023-08-27 01:57:18,575 - INFO - Processed device: abr-cl1-08-ing
2023-08-27 01:57:18,575 - INFO - Processed device: abr-cl1-09-ing
2023-08-27 01:57:18,576 - INFO - Processed device: abr-cl1-10-ing
2023-08-27 01:57:18,576 - INFO - Processed device: abr-cl1-11-ctl
2023-08-27 01:57:18,576 - INFO - Processed device: abr-cl1-12-ing
2023-08-27 01:57:18,577 - INFO - Processed device: abr-cl1-13-ing
2023-08-27 01:57:18,578 - INFO - Processed device: abr-cl2-01-ctl
2023-08-27 01:57:18,578 - INFO - Processed device: abr-cl2-02-ing
2023-08-27 01:57:18,579 - INFO - Processed device: abr-cl2-03-ing
2023-08-27 01:57:18,580 - INFO - Processed device: abr-cl2-04-ing
2023-08-27 01:57:18,580 - INFO - Processed device: abr-cl2-05-ing
2023-08-27 01:57:18,581 - INFO - Processed device: abr-cl2-06-ctl
2023-08-27 01:57:18,581 - INFO - Processed device: abr-cl2-07-ing
2023-08-27 01:57:18,582 - INFO - Processed device: abr-cl2-08-ing
2023-08-27 01:57:18,582 - INFO - Processed device: abr-cl2-09-ing
2023-08-27 01:57:18,583 - INFO - Processed device: abr-cl2-10-ing
2023-08-27 01:57:18,583 - INFO - Processed device: abr-cl2-11-ctl
2023-08-27 01:57:18,584 - INFO - Processed device: abr-cl2-12-ing
2023-08-27 01:57:18,584 - INFO - Processed device: abr-cl2-13-ing
2023-08-27 01:57:18,585 - INFO - Processed device: abr-cl3-01-ctl
2023-08-27 01:57:18,585 - INFO - Processed device: abr-cl3-02-ing
2023-08-27 01:57:18,586 - INFO - Processed device: abr-cl3-03-ing
2023-08-27 01:57:18,587 - INFO - Processed device: abr-cl3-04-ing
2023-08-27 01:57:18,587 - INFO - Processed device: abr-cl3-05-ing
2023-08-27 01:57:18,588 - INFO - Processed device: abr-cl3-06-ctl
2023-08-27 01:57:18,588 - INFO - Processed device: abr-cl3-07-ing
2023-08-27 01:57:18,589 - INFO - Processed device: abr-cl3-08-ing
2023-08-27 01:57:18,589 - INFO - Processed device: abr-cl3-09-ing
2023-08-27 01:57:18,590 - INFO - Processed device: abr-cl3-10-ing
2023-08-27 01:57:18,590 - INFO - Processed device: abr-cl3-11-ctl
2023-08-27 01:57:18,591 - INFO - Processed device: abr-cl3-12-ing
2023-08-27 01:57:18,592 - INFO - Processed device: abr-cl3-13-ing
2023-08-27 01:57:18,592 - INFO - Processed device: abr-cl4-01-ctl
2023-08-27 01:57:18,593 - INFO - Processed device: abr-cl4-02-ing
2023-08-27 01:57:18,593 - INFO - Processed device: abr-cl4-03-ing
2023-08-27 01:57:18,594 - INFO - Processed device: abr-cl4-04-ing
2023-08-27 01:57:18,595 - INFO - Processed device: abr-cl4-05-ing
2023-08-27 01:57:18,596 - INFO - Processed device: abr-cl4-06-ctl
2023-08-27 01:57:18,596 - INFO - Processed device: abr-cl4-07-ing
2023-08-27 01:57:18,597 - INFO - Processed device: abr-cl4-08-ing
2023-08-27 01:57:18,598 - INFO - Processed device: abr-cl4-09-ing
2023-08-27 01:57:18,599 - INFO - Processed device: abr-cl4-10-ing
2023-08-27 01:57:18,600 - INFO - Processed device: abr-cl4-11-ctl
2023-08-27 01:57:18,600 - INFO - Processed device: abr-cl4-12-ing
2023-08-27 01:57:18,601 - INFO - Processed device: abr-cl4-13-ing
2023-08-27 01:57:18,602 - INFO - Processed device: abr-cl5-01-ctl
2023-08-27 01:57:18,602 - INFO - Processed device: abr-cl5-02-ing
2023-08-27 01:57:18,603 - INFO - Processed device: abr-cl5-03-ing
2023-08-27 01:57:18,604 - INFO - Processed device: abr-cl5-04-ing
2023-08-27 01:57:18,604 - INFO - Processed device: abr-cl5-05-ing
2023-08-27 01:57:18,605 - INFO - Processed device: abr-cl5-06-ctl
2023-08-27 01:57:18,606 - INFO - Processed device: abr-cl5-07-ing
2023-08-27 01:57:18,606 - INFO - Processed device: abr-cl5-08-ing
2023-08-27 01:57:18,607 - INFO - Processed device: abr-cl5-09-ing
2023-08-27 01:57:18,608 - INFO - Processed device: abr-cl5-10-ing
2023-08-27 01:57:18,609 - INFO - Processed device: abr-cl5-11-ctl
2023-08-27 01:57:18,609 - INFO - Processed device: abr-cl5-12-ing
2023-08-27 01:57:18,610 - INFO - Processed device: abr-cl5-13-ing
2023-08-27 01:57:18,612 - INFO - Processed device: CONSOLE SERVER
2023-08-27 01:57:18,612 - INFO - Processed device: DL-CL-01-B
2023-08-27 01:57:18,613 - INFO - Processed device: DL-CL-01-P
2023-08-27 01:57:18,614 - INFO - Processed device: DL-CL-02-B
2023-08-27 01:57:18,614 - INFO - Processed device: DL-CL-02-P
2023-08-27 01:57:18,615 - INFO - Processed device: DL-CL-03-B
2023-08-27 01:57:18,616 - INFO - Processed device: DL-CL-03-P
2023-08-27 01:57:18,617 - INFO - Processed device: DL-CL-04-B
2023-08-27 01:57:18,618 - INFO - Processed device: DL-CL-04-P
2023-08-27 01:57:18,622 - INFO - Processed device: MG-CD2000A
2023-08-27 01:57:18,622 - INFO - Processed device: MG-CD2000B
2023-08-27 01:57:18,623 - INFO - Processed device: MG-CS4000
2023-08-27 01:57:18,624 - INFO - Processed device: MVPD5A
2023-08-27 01:57:18,625 - INFO - Processed device: MVPD5B
2023-08-27 01:57:18,626 - INFO - Processed device: netbox.vidgo.com
2023-08-27 01:57:18,627 - INFO - Processed device: OCC-FIBER-PATCH-1
2023-08-27 01:57:18,627 - INFO - Processed device: OLD - UL-CL03
2023-08-27 01:57:18,629 - INFO - Processed device: prtg.vidgo.com
2023-08-27 01:57:18,629 - INFO - Processed device: QVC
2023-08-27 01:57:18,630 - INFO - Processed device: UL-CL-01-B
2023-08-27 01:57:18,631 - INFO - Processed device: UL-CL-01-P
2023-08-27 01:57:18,632 - INFO - Processed device: UL-CL-02-B
2023-08-27 01:57:18,633 - INFO - Processed device: UL-CL-02-P
2023-08-27 01:57:18,633 - INFO - Processed device: UL-CL-03-B
2023-08-27 01:57:18,634 - INFO - Processed device: UL-CL-03-P
2023-08-27 01:57:18,636 - INFO - Processed device: UL-CL-04-B
2023-08-27 01:57:18,636 - INFO - Processed device: UL-CL-04-P
2023-08-27 01:57:18,637 - INFO - Processed device: UL-CL-05-B
2023-08-27 01:57:18,638 - INFO - Processed device: UL-CL-05-P
2023-08-27 01:57:18,639 - INFO - Processed device: UL-CL-06-B
2023-08-27 01:57:18,639 - INFO - Processed device: UL-CL-06-P
2023-08-27 01:57:18,640 - INFO - Processed device: UL-CL-07-B
2023-08-27 01:57:18,641 - INFO - Processed device: UL-CL-07-P
2023-08-27 01:57:18,642 - INFO - Processed device: VIDGOFW01
2023-08-27 01:57:18,643 - INFO - Processed device: VIDGOFW02
2023-08-27 01:57:18,643 - INFO - Processed device: VIDGO-OMNIHUB6-01
2023-08-27 01:57:18,647 - INFO - Processed device: ZIXI1
2023-08-27 01:57:18,649 - INFO - Processed device: ZIXI2
2023-08-27 01:57:18,741 - INFO - Device information written to output.csv and output.xlsx
2023-08-27 01:57:18,741 - INFO - Finished getting device information from Netbox
2023-08-27 01:57:18,741 - INFO - Script completed
2023-08-27 01:57:27,587 - INFO - Script started
2023-08-27 01:57:27,587 - INFO - All required modules are already installed.
2023-08-27 01:57:27,587 - INFO - Script completed
2023-08-27 01:59:45,666 - INFO - Script started
2023-08-27 01:59:45,666 - INFO - All required modules are already installed.
2023-08-27 01:59:45,667 - INFO - Script completed
2023-08-27 02:00:08,830 - INFO - Script started
2023-08-27 02:00:08,830 - INFO - All required modules are already installed.
2023-08-27 02:00:09,475 - INFO - Random Chuck Norris Joke:
2023-08-27 02:00:09,475 - INFO - Chuck Norris tweaked his Harley, to give it 4-wheel-drive.
2023-08-27 02:00:09,477 - INFO - Script completed
